<?xml version="1.0" encoding="UTF-8"?>
<testsuite xmlns:xsi="http://www.w3.org/2001/XMLSchema-instance" xsi:noNamespaceSchemaLocation="https://maven.apache.org/surefire/maven-surefire-plugin/xsd/surefire-test-report-3.0.xsd" version="3.0" name="orangehrm.tests.OrangeHrmTest" time="41.282" tests="1" errors="1" skipped="0" failures="0">
  <properties>
[...]
</properties>
  <testcase name="createPostWithPhotos" classname="orangehrm.tests.OrangeHrmTest" time="38.435">
    <error message="Error {&#10;  message=&apos;Timeout 30000ms exceeded.&#10;  name=&apos;TimeoutError&#10;  stack=&apos;TimeoutError: Timeout 30000ms exceeded.&#10;    at ProgressController.run (/private/var/folders/h7/pv7_0v6n0pndqlpl2wqjf6j00000gn/T/playwright-java-2777877244181253995/package/lib/server/progress.js:92:28)&#10;    at FrameDispatcher._runCommand (/private/var/folders/h7/pv7_0v6n0pndqlpl2wqjf6j00000gn/T/playwright-java-2777877244181253995/package/lib/server/dispatchers/dispatcher.js:91:31)&#10;    at DispatcherConnection.dispatch (/private/var/folders/h7/pv7_0v6n0pndqlpl2wqjf6j00000gn/T/playwright-java-2777877244181253995/package/lib/server/dispatchers/dispatcher.js:325:39)&#10;}&#10;Call log:&#10;-   - waiting for locator(&quot;//div[@role=&apos;document&apos;]//form[@class=&apos;oxd-form&apos;]//textarea&quot;)&#10;" type="com.microsoft.playwright.TimeoutError"><![CDATA[com.microsoft.playwright.TimeoutError: 
Error {
  message='Timeout 30000ms exceeded.
  name='TimeoutError
  stack='TimeoutError: Timeout 30000ms exceeded.
    at ProgressController.run (/private/var/folders/h7/pv7_0v6n0pndqlpl2wqjf6j00000gn/T/playwright-java-2777877244181253995/package/lib/server/progress.js:92:28)
    at FrameDispatcher._runCommand (/private/var/folders/h7/pv7_0v6n0pndqlpl2wqjf6j00000gn/T/playwright-java-2777877244181253995/package/lib/server/dispatchers/dispatcher.js:91:31)
    at DispatcherConnection.dispatch (/private/var/folders/h7/pv7_0v6n0pndqlpl2wqjf6j00000gn/T/playwright-java-2777877244181253995/package/lib/server/dispatchers/dispatcher.js:325:39)
}
Call log:
-   - waiting for locator("//div[@role='document']//form[@class='oxd-form']//textarea")

	at com.microsoft.playwright.impl.WaitableResult.get(WaitableResult.java:52)
	at com.microsoft.playwright.impl.ChannelOwner.runUntil(ChannelOwner.java:138)
	at com.microsoft.playwright.impl.Connection.sendMessage(Connection.java:131)
	at com.microsoft.playwright.impl.ChannelOwner.sendMessage(ChannelOwner.java:124)
	at com.microsoft.playwright.impl.FrameImpl.fill(FrameImpl.java:310)
	at com.microsoft.playwright.impl.LocatorImpl.fill(LocatorImpl.java:273)
	at com.microsoft.playwright.Locator.fill(Locator.java:3200)
	at orangehrm.pages.BuzzPage.createPostWithPhotos(BuzzPage.java:36)
	at orangehrm.tests.OrangeHrmTest.createPostWithPhotos(OrangeHrmTest.java:37)
	at java.base/java.lang.reflect.Method.invoke(Method.java:580)
	at java.base/java.util.ArrayList.forEach(ArrayList.java:1596)
	at java.base/java.util.ArrayList.forEach(ArrayList.java:1596)
Caused by: com.microsoft.playwright.TimeoutError: Error {
  message='Timeout 30000ms exceeded.
  name='TimeoutError
  stack='TimeoutError: Timeout 30000ms exceeded.
    at ProgressController.run (/private/var/folders/h7/pv7_0v6n0pndqlpl2wqjf6j00000gn/T/playwright-java-2777877244181253995/package/lib/server/progress.js:92:28)
    at FrameDispatcher._runCommand (/private/var/folders/h7/pv7_0v6n0pndqlpl2wqjf6j00000gn/T/playwright-java-2777877244181253995/package/lib/server/dispatchers/dispatcher.js:91:31)
    at DispatcherConnection.dispatch (/private/var/folders/h7/pv7_0v6n0pndqlpl2wqjf6j00000gn/T/playwright-java-2777877244181253995/package/lib/server/dispatchers/dispatcher.js:325:39)
}
Call log:
-   - waiting for locator("//div[@role='document']//form[@class='oxd-form']//textarea")

	at com.microsoft.playwright.impl.Connection.dispatch(Connection.java:257)
	at com.microsoft.playwright.impl.Connection.processOneMessage(Connection.java:214)
	at com.microsoft.playwright.impl.ChannelOwner.runUntil(ChannelOwner.java:136)
	... 10 more
]]></error>
  </testcase>
</testsuite>